  Actor.cpp
C:\Users\enzo.lahana\Documents\GitHub\AbsoluteFateEngine\AbsoluteFate\Actor.h(38,27): warning C4018: '<': signed/unsigned mismatch
  ActorPokeball.cpp
C:\Users\enzo.lahana\Documents\GitHub\AbsoluteFateEngine\AbsoluteFate\Actor.h(38,27): warning C4018: '<': signed/unsigned mismatch
  AnimatedSpriteC.cpp
C:\Users\enzo.lahana\Documents\GitHub\AbsoluteFateEngine\AbsoluteFate\Actor.h(38,27): warning C4018: '<': signed/unsigned mismatch
  Asset.cpp
C:\Users\enzo.lahana\Documents\GitHub\AbsoluteFateEngine\AbsoluteFate\Actor.h(38,27): warning C4018: '<': signed/unsigned mismatch
  BoxCollider2DC.cpp
C:\Users\enzo.lahana\Documents\GitHub\AbsoluteFateEngine\AbsoluteFate\Actor.h(38,27): warning C4018: '<': signed/unsigned mismatch
  Components.cpp
C:\Users\enzo.lahana\Documents\GitHub\AbsoluteFateEngine\AbsoluteFate\Actor.h(38,27): warning C4018: '<': signed/unsigned mismatch
  Game.cpp
C:\Users\enzo.lahana\Documents\GitHub\AbsoluteFateEngine\AbsoluteFate\Actor.h(38,27): warning C4018: '<': signed/unsigned mismatch
  Main.cpp
C:\Users\enzo.lahana\Documents\GitHub\AbsoluteFateEngine\AbsoluteFate\Actor.h(38,27): warning C4018: '<': signed/unsigned mismatch
  Pong.cpp
C:\Users\enzo.lahana\Documents\GitHub\AbsoluteFateEngine\AbsoluteFate\Actor.h(38,27): warning C4018: '<': signed/unsigned mismatch
  PongBall.cpp
C:\Users\enzo.lahana\Documents\GitHub\AbsoluteFateEngine\AbsoluteFate\Actor.h(38,27): warning C4018: '<': signed/unsigned mismatch
  Renderer.cpp
C:\Users\enzo.lahana\Documents\GitHub\AbsoluteFateEngine\AbsoluteFate\Actor.h(38,27): warning C4018: '<': signed/unsigned mismatch
C:\Users\enzo.lahana\Documents\GitHub\AbsoluteFateEngine\AbsoluteFate\Renderer.cpp(57,78): warning C4244: 'argument': conversion from 'float' to 'Uint8', possible loss of data
C:\Users\enzo.lahana\Documents\GitHub\AbsoluteFateEngine\AbsoluteFate\Renderer.cpp(57,68): warning C4244: 'argument': conversion from 'float' to 'Uint8', possible loss of data
C:\Users\enzo.lahana\Documents\GitHub\AbsoluteFateEngine\AbsoluteFate\Renderer.cpp(57,58): warning C4244: 'argument': conversion from 'float' to 'Uint8', possible loss of data
C:\Users\enzo.lahana\Documents\GitHub\AbsoluteFateEngine\AbsoluteFate\Renderer.cpp(57,48): warning C4244: 'argument': conversion from 'float' to 'Uint8', possible loss of data
  Scene.cpp
C:\Users\enzo.lahana\Documents\GitHub\AbsoluteFateEngine\AbsoluteFate\Actor.h(38,27): warning C4018: '<': signed/unsigned mismatch
  SpriteC.cpp
C:\Users\enzo.lahana\Documents\GitHub\AbsoluteFateEngine\AbsoluteFate\Actor.h(38,27): warning C4018: '<': signed/unsigned mismatch
  Texture.cpp
C:\Users\enzo.lahana\Documents\GitHub\AbsoluteFateEngine\AbsoluteFate\Actor.h(38,27): warning C4018: '<': signed/unsigned mismatch
C:\Users\enzo.lahana\Documents\GitHub\AbsoluteFateEngine\AbsoluteFate\Texture.cpp(57,34): warning C4244: 'argument': conversion from 'int' to 'float', possible loss of data
C:\Users\enzo.lahana\Documents\GitHub\AbsoluteFateEngine\AbsoluteFate\Texture.cpp(57,18): warning C4244: 'argument': conversion from 'int' to 'float', possible loss of data
  Generating Code...
  AbsoluteFate.vcxproj -> C:\Users\enzo.lahana\Documents\GitHub\AbsoluteFateEngine\Debug\AbsoluteFate.exe
